Using pre-set license
Built from '2020.2/release' branch; Version is '2020.2.1f1 (270dd8c3da1c) revision 2559448'; Using compiler version '192528614'; Build Type 'Release'
OS: 'Windows 10  (10.0.0) 64bit' Language: 'es' Physical Memory: 16307 MB
BatchMode: 1, IsHumanControllingUs: 0, StartBugReporterOnCrash: 0, Is64bit: 1, IsPro: 0

 COMMAND LINE ARGUMENTS:
C:\Program Files\Unity\Hub\Editor\2020.2.1f1\Editor\Unity.exe
-adb2
-batchMode
-noUpm
-name
AssetImportWorker0
-projectPath
C:/Users/Pollen/Unity Projects/TFC_Project
-logFile
Logs/AssetImportWorker0.log
-srvPort
64597
Successfully changed project path to: C:/Users/Pollen/Unity Projects/TFC_Project
C:/Users/Pollen/Unity Projects/TFC_Project
Using Asset Import Pipeline V2.
Refreshing native plugins compatible for Editor in 32.14 ms, found 0 plugins.
Preloading 0 native plugins for Editor in 0.00 ms.
Initialize engine version: 2020.2.1f1 (270dd8c3da1c)
[Subsystems] Discovering subsystems at path C:/Program Files/Unity/Hub/Editor/2020.2.1f1/Editor/Data/Resources/UnitySubsystems
[Subsystems] Discovering subsystems at path C:/Users/Pollen/Unity Projects/TFC_Project/Assets
GfxDevice: creating device client; threaded=0
Direct3D:
    Version:  Direct3D 11.0 [level 11.1]
    Renderer: NVIDIA GeForce RTX 2060 (ID=0x1f08)
    Vendor:   
    VRAM:     5980 MB
    Driver:   27.21.14.6647
Initialize mono
Mono path[0] = 'C:/Program Files/Unity/Hub/Editor/2020.2.1f1/Editor/Data/Managed'
Mono path[1] = 'C:/Program Files/Unity/Hub/Editor/2020.2.1f1/Editor/Data/MonoBleedingEdge/lib/mono/unityjit'
Mono config path = 'C:/Program Files/Unity/Hub/Editor/2020.2.1f1/Editor/Data/MonoBleedingEdge/etc'
Using monoOptions --debugger-agent=transport=dt_socket,embedding=1,server=y,suspend=n,address=127.0.0.1:56212
Begin MonoManager ReloadAssembly
Registering precompiled unity dll's ...
Register platform support module: C:/Program Files/Unity/Hub/Editor/2020.2.1f1/Editor/Data/PlaybackEngines/WindowsStandaloneSupport/UnityEditor.WindowsStandalone.Extensions.dll
Registered in 0.001301 seconds.
Native extension for WindowsStandalone target not found
Refreshing native plugins compatible for Editor in 26.89 ms, found 0 plugins.
Preloading 0 native plugins for Editor in 0.00 ms.
Invoked RoslynAnalysisRunner static constructor.
RoslynAnalysisRunner will not be running.
RoslynAnalysisRunner has terminated.
Mono: successfully reloaded assembly
- Completed reload, in  0.737 seconds
Platform modules already initialized, skipping
Registering precompiled user dll's ...
Registered in 0.000903 seconds.
Begin MonoManager ReloadAssembly
Native extension for WindowsStandalone target not found
Refreshing native plugins compatible for Editor in 29.04 ms, found 0 plugins.
Preloading 0 native plugins for Editor in 0.00 ms.
Invoked RoslynAnalysisRunner static constructor.
RoslynAnalysisRunner will not be running.
RoslynAnalysisRunner has terminated.
Mono: successfully reloaded assembly
- Completed reload, in  0.639 seconds
Platform modules already initialized, skipping
========================================================================
Worker process is ready to serve import requests
Launched and connected shader compiler UnityShaderCompiler.exe after 0.03 seconds
Refreshing native plugins compatible for Editor in 0.39 ms, found 0 plugins.
Preloading 0 native plugins for Editor in 0.00 ms.
Unloading 1773 Unused Serialized files (Serialized files now loaded: 0)
System memory in use before: 179.8 MB.
System memory in use after: 179.9 MB.

Unloading 12 unused Assets to reduce memory usage. Loaded Objects now: 2245.
Total: 1.717800 ms (FindLiveObjects: 0.181500 ms CreateObjectMapping: 0.044200 ms MarkObjects: 1.474400 ms  DeleteObjects: 0.016800 ms)

========================================================================
Received Import Request.
  path: Assets/Sprites/abril.PNG
  artifactKey: Guid(31bf9734c88948d4caaa8edb9388b2e7) Importer(815301076,1909f56bfc062723c751e8b465ee728b)
Start importing Assets/Sprites/abril.PNG using Guid(31bf9734c88948d4caaa8edb9388b2e7) Importer(815301076,1909f56bfc062723c751e8b465ee728b)  -> (artifact id: '2946dbca134b784d8dcaf75e4910fcb3') in 0.100297 seconds
  Import took 0.102796 seconds .

========================================================================
Received Import Request.
  Time since last request: 0.000141 seconds.
  path: Assets/Sprites/arturo.PNG
  artifactKey: Guid(f9e5303c663a8f04790340ec3d532936) Importer(815301076,1909f56bfc062723c751e8b465ee728b)
Start importing Assets/Sprites/arturo.PNG using Guid(f9e5303c663a8f04790340ec3d532936) Importer(815301076,1909f56bfc062723c751e8b465ee728b)  -> (artifact id: '79e8187a1e1664f6381a47cd0dec2748') in 0.007822 seconds
  Import took 0.009892 seconds .

========================================================================
Received Import Request.
  Time since last request: 18.211094 seconds.
  path: Assets/Sprites/abril.PNG
  artifactKey: Guid(31bf9734c88948d4caaa8edb9388b2e7) Importer(815301076,1909f56bfc062723c751e8b465ee728b)
Start importing Assets/Sprites/abril.PNG using Guid(31bf9734c88948d4caaa8edb9388b2e7) Importer(815301076,1909f56bfc062723c751e8b465ee728b)  -> (artifact id: 'a73a3b2847fb41a440bbc72cf07a5e81') in 0.033098 seconds
  Import took 0.035806 seconds .

========================================================================
Received Import Request.
  Time since last request: 26.729916 seconds.
  path: Assets/Sprites/arturo.PNG
  artifactKey: Guid(f9e5303c663a8f04790340ec3d532936) Importer(815301076,1909f56bfc062723c751e8b465ee728b)
Start importing Assets/Sprites/arturo.PNG using Guid(f9e5303c663a8f04790340ec3d532936) Importer(815301076,1909f56bfc062723c751e8b465ee728b)  -> (artifact id: '31621b6cede30034cf9981fb8f623203') in 0.013152 seconds
  Import took 0.015929 seconds .

========================================================================
Received Prepare
Registering precompiled user dll's ...
Registered in 0.000952 seconds.
Begin MonoManager ReloadAssembly
Native extension for WindowsStandalone target not found
Refreshing native plugins compatible for Editor in 0.45 ms, found 0 plugins.
Preloading 0 native plugins for Editor in 0.00 ms.
Invoked RoslynAnalysisRunner static constructor.
RoslynAnalysisRunner will not be running.
RoslynAnalysisRunner has terminated.
Mono: successfully reloaded assembly
- Completed reload, in  0.592 seconds
Platform modules already initialized, skipping
Refreshing native plugins compatible for Editor in 0.41 ms, found 0 plugins.
Preloading 0 native plugins for Editor in 0.00 ms.
Unloading 1723 Unused Serialized files (Serialized files now loaded: 0)
System memory in use before: 180.6 MB.
System memory in use after: 180.7 MB.

Unloading 6 unused Assets to reduce memory usage. Loaded Objects now: 2256.
Total: 1.760200 ms (FindLiveObjects: 0.185700 ms CreateObjectMapping: 0.040100 ms MarkObjects: 1.520600 ms  DeleteObjects: 0.012900 ms)

========================================================================
Received Prepare
Refreshing native plugins compatible for Editor in 1.01 ms, found 0 plugins.
Preloading 0 native plugins for Editor in 0.00 ms.
Unloading 3 Unused Serialized files (Serialized files now loaded: 0)
System memory in use before: 146.4 MB.
System memory in use after: 146.6 MB.

Unloading 3 unused Assets to reduce memory usage. Loaded Objects now: 2256.
Total: 2.098500 ms (FindLiveObjects: 0.235500 ms CreateObjectMapping: 0.056400 ms MarkObjects: 1.790200 ms  DeleteObjects: 0.015200 ms)

AssetImportWorkerClient::OnTransportError - code=2 error=End of file
